[2026-07-02 11:09:05.623] [INFO] [登录] 收到登录请求 - 数据: {"username": "admin", "password": "123456"}
[2026-07-02 11:09:05.761] [INFO] [登录] 成功 - 用户: admin (ID:1), 账号码: 574860
[2026-07-02 11:33:15.276] [INFO] [登录] 收到登录请求 - 数据: {"username": "admin", "password": "123456"}
[2026-07-02 11:33:15.454] [INFO] [登录] 成功 - 用户: admin (ID:1), 账号码: 574860
[2026-07-02 11:41:33.767] [INFO] [登录] 收到登录请求 - 数据: {"username": "admin", "password": "123456"}
[2026-07-02 11:41:33.948] [INFO] [登录] 成功 - 用户: admin (ID:1), 账号码: 574860
[2026-07-02 11:41:57.236] [INFO] [登录] 收到登录请求 - 数据: {"username": "liusu", "password": "123456"}
[2026-07-02 11:41:57.414] [INFO] [登录] 成功 - 用户: liusu (ID:2), 账号码: 128019
[2026-07-02 11:43:46.235] [INFO] [登录] 收到登录请求 - 数据: {"username": "阿尔伯特", "password": "123445"}
[2026-07-02 11:43:46.408] [WARNING] [登录] 失败 - 密码错误: 阿尔伯特
[2026-07-02 11:44:19.916] [INFO] [登录] 收到登录请求 - 数据: {"username": "阿尔伯特", "password": "123456"}
[2026-07-02 11:44:20.091] [INFO] [登录] 成功 - 用户: 阿尔伯特 (ID:3), 账号码: 078183
[2026-07-02 11:44:43.036] [INFO] [登录] 收到登录请求 - 数据: {"username": "liusu", "password": "123456"}
[2026-07-02 11:44:43.216] [INFO] [登录] 成功 - 用户: liusu (ID:2), 账号码: 128019
[2026-07-02 11:57:51.160] [INFO] [登录] 收到登录请求 - 数据: {"username": "admin", "password": "123456"}
[2026-07-02 11:57:51.357] [INFO] [登录] 成功 - 用户: admin (ID:1), 账号码: 574860
[2026-07-02 11:57:58.208] [INFO] [登录] 收到登录请求 - 数据: {"username": "liusu", "password": "123456"}
[2026-07-02 11:57:58.379] [INFO] [登录] 成功 - 用户: liusu (ID:2), 账号码: 128019
[2026-07-02 12:08:52.632] [INFO] [登录] 收到登录请求 - 数据: {"username": "liusu", "password": "123456"}
[2026-07-02 12:08:52.761] [INFO] [登录] 成功 - 用户: liusu (ID:2), 账号码: 128019
