[2026-06-28 00:46:11.792] [INFO] [登录] 收到登录请求 - 数据: {"username": "admin", "password": "123456"}
[2026-06-28 00:46:11.987] [INFO] [登录] 成功 - 用户: admin (ID:1), 账号码: 574860
[2026-06-28 08:01:31.131] [INFO] [登录] 收到登录请求 - 数据: {"username": "阿尔伯特", "password": "4321567"}
[2026-06-28 08:01:31.164] [WARNING] [登录] 失败 - 用户不存在: 阿尔伯特
[2026-06-28 08:01:43.441] [INFO] [注册] 收到注册请求 - 数据: {"username": "阿尔伯特", "password": "4321567"}
[2026-06-28 08:01:43.635] [INFO] [注册] 成功 - 用户: 阿尔伯特 (ID:3), 账号码: 078183
[2026-06-28 08:01:59.323] [INFO] [登录] 收到登录请求 - 数据: {"username": "阿尔伯特", "password": "4321567"}
[2026-06-28 08:01:59.483] [INFO] [登录] 成功 - 用户: 阿尔伯特 (ID:3), 账号码: 078183
[2026-06-28 08:02:52.217] [INFO] [登录] 收到登录请求 - 数据: {"username": "admin", "password": "123456"}
[2026-06-28 08:02:52.348] [INFO] [登录] 成功 - 用户: admin (ID:1), 账号码: 574860
[2026-06-28 08:07:42.692] [INFO] [登录] 收到登录请求 - 数据: {"username": "admin", "password": "123456"}
[2026-06-28 08:07:42.820] [INFO] [登录] 成功 - 用户: admin (ID:1), 账号码: 574860
[2026-06-28 08:15:23.356] [INFO] [登录] 收到登录请求 - 数据: {"username": "123", "password": "123000"}
[2026-06-28 08:15:23.358] [WARNING] [登录] 失败 - 用户不存在: 123
[2026-06-28 08:15:30.268] [INFO] [注册] 收到注册请求 - 数据: {"username": "123", "password": "123000"}
[2026-06-28 08:15:30.428] [INFO] [注册] 成功 - 用户: 123 (ID:4), 账号码: 650174
[2026-06-28 08:15:37.490] [INFO] [登录] 收到登录请求 - 数据: {"username": "123", "password": "123000"}
[2026-06-28 08:15:37.617] [INFO] [登录] 成功 - 用户: 123 (ID:4), 账号码: 650174
[2026-06-28 08:25:26.614] [INFO] [登录] 收到登录请求 - 数据: {"username": "admin", "password": "123456"}
[2026-06-28 08:25:26.741] [INFO] [登录] 成功 - 用户: admin (ID:1), 账号码: 574860
[2026-06-28 09:20:26.928] [INFO] [登录] 收到登录请求 - 数据: {"username": "admin' --", "password": "anything"}
[2026-06-28 09:20:26.931] [WARNING] [登录] 失败 - 用户不存在: admin' --
[2026-06-28 09:20:52.612] [INFO] [注册] 收到注册请求 - 数据: {"username": "admin' --", "password": "anything"}
[2026-06-28 09:20:52.743] [INFO] [注册] 成功 - 用户: admin' -- (ID:5), 账号码: 942847
[2026-06-28 09:21:16.817] [INFO] [登录] 收到登录请求 - 数据: {"username": "admin' --", "password": "anything"}
[2026-06-28 09:21:16.943] [INFO] [登录] 成功 - 用户: admin' -- (ID:5), 账号码: 942847
