[2026-06-29 21:35:12.918] [INFO] [登录] 收到登录请求 - 数据: {"username": "admin", "password": "123456"}
[2026-06-29 21:35:13.088] [INFO] [登录] 成功 - 用户: admin (ID:1), 账号码: 574860
[2026-06-29 21:36:10.486] [INFO] [登录] 收到登录请求 - 数据: {"username": "123", "password": "123456"}
[2026-06-29 21:36:10.622] [WARNING] [登录] 失败 - 密码错误: 123
[2026-06-29 21:36:13.481] [INFO] [登录] 收到登录请求 - 数据: {"username": "123", "password": "123"}
[2026-06-29 21:36:13.610] [WARNING] [登录] 失败 - 密码错误: 123
[2026-06-29 21:36:24.903] [INFO] [登录] 收到登录请求 - 数据: {"username": "123", "password": "12345678"}
[2026-06-29 21:36:25.035] [WARNING] [登录] 失败 - 密码错误: 123
[2026-06-29 21:36:26.988] [INFO] [登录] 收到登录请求 - 数据: {"username": "123", "password": "1234567"}
[2026-06-29 21:36:27.126] [WARNING] [登录] 失败 - 密码错误: 123
[2026-06-29 21:36:28.869] [INFO] [登录] 收到登录请求 - 数据: {"username": "123", "password": "123456"}
[2026-06-29 21:36:29.006] [WARNING] [登录] 失败 - 密码错误: 123
[2026-06-29 21:36:30.441] [INFO] [登录] 收到登录请求 - 数据: {"username": "123", "password": "12345"}
[2026-06-29 21:36:30.572] [WARNING] [登录] 失败 - 密码错误: 123
[2026-06-29 21:36:31.599] [INFO] [登录] 收到登录请求 - 数据: {"username": "123", "password": "1234"}
[2026-06-29 21:36:31.734] [WARNING] [登录] 失败 - 密码错误: 123
[2026-06-29 21:36:35.192] [INFO] [登录] 收到登录请求 - 数据: {"username": "123", "password": "l123000"}
[2026-06-29 21:36:35.328] [WARNING] [登录] 失败 - 密码错误: 123
[2026-06-29 21:36:46.055] [INFO] [登录] 收到登录请求 - 数据: {"username": "123", "password": "123456"}
[2026-06-29 21:36:46.183] [INFO] [登录] 成功 - 用户: 123 (ID:4), 账号码: 650174
[2026-06-29 21:38:47.875] [INFO] [登录] 收到登录请求 - 数据: {"username": "123", "password": "123456"}
[2026-06-29 21:38:48.005] [INFO] [登录] 成功 - 用户: 123 (ID:4), 账号码: 650174
