[2026-06-25 00:07:39.107] [INFO] [登录] 收到登录请求 - 数据: {"password": "admin123", "username": "admin"}
[2026-06-25 00:07:39.262] [INFO] [登录] 成功 - 用户: admin (ID:1), 账号码: 574860
[2026-06-25 00:08:29.559] [INFO] [登录] 收到登录请求 - 数据: {"password": "admin123", "username": "admin"}
[2026-06-25 00:08:29.687] [INFO] [登录] 成功 - 用户: admin (ID:1), 账号码: 574860
[2026-06-25 00:17:08.504] [INFO] [登录] 收到登录请求 - 数据: {"password": "admin123", "username": "admin"}
[2026-06-25 00:17:08.652] [INFO] [登录] 成功 - 用户: admin (ID:1), 账号码: 574860
[2026-06-25 00:20:48.335] [INFO] [登录] 收到登录请求 - 数据: {"password": "admin123", "username": "admin"}
[2026-06-25 00:20:48.487] [INFO] [登录] 成功 - 用户: admin (ID:1), 账号码: 574860
[2026-06-25 00:21:39.165] [INFO] [登录] 收到登录请求 - 数据: {"username": "admin", "password": "admin123"}
[2026-06-25 00:21:39.292] [INFO] [登录] 成功 - 用户: admin (ID:1), 账号码: 574860
[2026-06-25 00:29:02.702] [INFO] [登录] 收到登录请求 - 数据: {"password": "admin123", "username": "admin"}
[2026-06-25 00:29:02.849] [INFO] [登录] 成功 - 用户: admin (ID:1), 账号码: 574860
[2026-06-25 12:21:38.313] [INFO] [登录] 收到登录请求 - 数据: {"username": "admin", "password": "123456"}
[2026-06-25 12:21:38.464] [WARNING] [登录] 失败 - 密码错误: admin
[2026-06-25 12:22:01.331] [INFO] [登录] 收到登录请求 - 数据: {"username": "admin", "password": "123456"}
[2026-06-25 12:22:01.491] [INFO] [登录] 成功 - 用户: admin (ID:1), 账号码: 574860
[2026-06-25 12:23:01.461] [INFO] [登录] 收到登录请求 - 数据: {"username": "admin", "password": "123456"}
[2026-06-25 12:23:01.647] [INFO] [登录] 成功 - 用户: admin (ID:1), 账号码: 574860
[2026-06-25 12:29:00.024] [INFO] [登录] 收到登录请求 - 数据: {"username": "admin", "password": "admin123"}
[2026-06-25 12:29:00.202] [WARNING] [登录] 失败 - 密码错误: admin
[2026-06-25 12:29:03.395] [INFO] [登录] 收到登录请求 - 数据: {"username": "admin", "password": "123456"}
[2026-06-25 12:29:03.570] [INFO] [登录] 成功 - 用户: admin (ID:1), 账号码: 574860
[2026-06-25 12:32:33.134] [INFO] [登录] 收到登录请求 - 数据: {"username": "admin", "password": "123456"}
[2026-06-25 12:32:33.312] [INFO] [登录] 成功 - 用户: admin (ID:1), 账号码: 574860
[2026-06-25 12:33:39.930] [INFO] [登录] 收到登录请求 - 数据: {"username": "admin", "password": "123456"}
[2026-06-25 12:33:40.107] [INFO] [登录] 成功 - 用户: admin (ID:1), 账号码: 574860
[2026-06-25 12:39:15.639] [INFO] [登录] 收到登录请求 - 数据: {"username": "admin", "password": "123456"}
[2026-06-25 12:39:15.818] [INFO] [登录] 成功 - 用户: admin (ID:1), 账号码: 574860
[2026-06-25 12:46:37.092] [INFO] [登录] 收到登录请求 - 数据: {"username": "admin", "password": "123456"}
[2026-06-25 12:46:37.271] [INFO] [登录] 成功 - 用户: admin (ID:1), 账号码: 574860
[2026-06-25 13:18:38.325] [INFO] [登录] 收到登录请求 - 数据: {"username": "admin", "password": "123456"}
[2026-06-25 13:18:38.504] [INFO] [登录] 成功 - 用户: admin (ID:1), 账号码: 574860
[2026-06-25 13:31:41.833] [INFO] [登录] 收到登录请求 - 数据: {"username": "liusu", "password": "123456"}
[2026-06-25 13:31:42.008] [INFO] [登录] 成功 - 用户: liusu (ID:2), 账号码: 128019
[2026-06-25 13:33:54.111] [INFO] [登录] 收到登录请求 - 数据: {"username": "admin", "password": "123456"}
[2026-06-25 13:33:54.285] [INFO] [登录] 成功 - 用户: admin (ID:1), 账号码: 574860
[2026-06-25 13:38:20.632] [INFO] [登录] 收到登录请求 - 数据: {"username": "admin", "password": "123456"}
[2026-06-25 13:38:20.808] [INFO] [登录] 成功 - 用户: admin (ID:1), 账号码: 574860
[2026-06-25 14:22:18.977] [INFO] [登录] 收到登录请求 - 数据: {"username": "liusu", "password": "123456"}
[2026-06-25 14:22:19.155] [INFO] [登录] 成功 - 用户: liusu (ID:2), 账号码: 128019
[2026-06-25 14:30:34.055] [INFO] [登录] 收到登录请求 - 数据: {"username": "admin", "password": "123456"}
[2026-06-25 14:30:34.226] [INFO] [登录] 成功 - 用户: admin (ID:1), 账号码: 574860
[2026-06-25 14:42:22.597] [INFO] [登录] 收到登录请求 - 数据: {"username": "admin", "password": "123456"}
[2026-06-25 14:42:22.771] [INFO] [登录] 成功 - 用户: admin (ID:1), 账号码: 574860
